<?xml version="1.0" encoding="UTF-8"?>
<!-- Generated by org.testng.reporters.JUnitReportReporter -->
<testsuite hostname="06adce165d67" failures="0" tests="3" name="com.example.tests.AmazonGridTest" time="22.912" errors="0" timestamp="2025-10-16T16:58:25 UTC" skipped="0">
  <testcase classname="com.example.tests.AmazonGridTest" name="openAmazonAndPrintTitle" time="7.433"/>
  <testcase classname="com.example.tests.AmazonGridTest" name="openAmazonAndPrintTitle" time="8.148"/>
  <testcase classname="com.example.tests.AmazonGridTest" name="openAmazonAndPrintTitle" time="7.331"/>
</testsuite> <!-- com.example.tests.AmazonGridTest -->
