<?xml version="1.0" encoding="UTF-8"?>
<!-- Generated by org.testng.reporters.JUnitReportReporter -->
<testsuite hostname="c1ba40143cdc" failures="0" tests="3" name="com.example.tests.AmazonGridTest" time="20.942" errors="0" timestamp="2025-10-17T03:13:54 UTC" skipped="0">
  <testcase classname="com.example.tests.AmazonGridTest" name="openAmazonAndPrintTitle" time="6.664"/>
  <testcase classname="com.example.tests.AmazonGridTest" name="openAmazonAndPrintTitle" time="7.071"/>
  <testcase classname="com.example.tests.AmazonGridTest" name="openAmazonAndPrintTitle" time="7.207"/>
</testsuite> <!-- com.example.tests.AmazonGridTest -->
