<?xml version="1.0" encoding="UTF-8"?>
<!-- Generated by org.testng.reporters.JUnitReportReporter -->
<testsuite hostname="d30a3f06d5e4" failures="0" tests="3" name="com.example.tests.AmazonGridTest" time="24.165" errors="0" timestamp="2025-10-17T03:09:56 UTC" skipped="0">
  <testcase classname="com.example.tests.AmazonGridTest" name="openAmazonAndPrintTitle" time="7.521"/>
  <testcase classname="com.example.tests.AmazonGridTest" name="openAmazonAndPrintTitle" time="8.016"/>
  <testcase classname="com.example.tests.AmazonGridTest" name="openAmazonAndPrintTitle" time="8.628"/>
</testsuite> <!-- com.example.tests.AmazonGridTest -->
